C:\USERS\MIKEW7\DOCUMENTS\GITHUB\A5\DEBUG\A5.EXE
C:\USERS\MIKEW7\DOCUMENTS\GITHUB\A5\DEBUG\A5.EXE.EMBED.MANIFEST
C:\USERS\MIKEW7\DOCUMENTS\GITHUB\A5\DEBUG\A5.EXE.EMBED.MANIFEST.RES
C:\USERS\MIKEW7\DOCUMENTS\GITHUB\A5\DEBUG\A5.EXE.INTERMEDIATE.MANIFEST
C:\USERS\MIKEW7\DOCUMENTS\GITHUB\A5\DEBUG\A5.ILK
C:\USERS\MIKEW7\DOCUMENTS\GITHUB\A5\DEBUG\A5.PDB
C:\Users\MikeW7\Documents\github\a5\Debug\a5_manifest.rc
C:\Users\MikeW7\Documents\github\a5\Debug\cl.command.1.tlog
C:\Users\MikeW7\Documents\github\a5\Debug\CL.read.1.tlog
C:\Users\MikeW7\Documents\github\a5\Debug\CL.write.1.tlog
C:\Users\MikeW7\Documents\github\a5\Debug\link.10888.read.1.tlog
C:\Users\MikeW7\Documents\github\a5\Debug\link.10888.write.1.tlog
C:\Users\MikeW7\Documents\github\a5\Debug\link.10888-cvtres.read.1.tlog
C:\Users\MikeW7\Documents\github\a5\Debug\link.10888-cvtres.write.1.tlog
C:\Users\MikeW7\Documents\github\a5\Debug\link.command.1.tlog
C:\Users\MikeW7\Documents\github\a5\Debug\link.read.1.tlog
C:\Users\MikeW7\Documents\github\a5\Debug\link.write.1.tlog
C:\Users\MikeW7\Documents\github\a5\Debug\link-cvtres.read.1.tlog
C:\Users\MikeW7\Documents\github\a5\Debug\link-cvtres.write.1.tlog
C:\USERS\MIKEW7\DOCUMENTS\GITHUB\A5\DEBUG\MAIN.OBJ
C:\Users\MikeW7\Documents\github\a5\Debug\mt.command.1.tlog
C:\Users\MikeW7\Documents\github\a5\Debug\mt.read.1.tlog
C:\Users\MikeW7\Documents\github\a5\Debug\mt.write.1.tlog
C:\Users\MikeW7\Documents\github\a5\Debug\rc.command.1.tlog
C:\Users\MikeW7\Documents\github\a5\Debug\rc.read.1.tlog
C:\Users\MikeW7\Documents\github\a5\Debug\rc.write.1.tlog
C:\Users\MikeW7\Documents\github\a5\Debug\vc100.idb
C:\USERS\MIKEW7\DOCUMENTS\GITHUB\A5\DEBUG\VC100.PDB
